[17:38:24] [main/INFO]: Setting user: ForgeDevName
[17:38:27] [Client thread/INFO]: LWJGL Version: 2.9.1
[17:38:44] [Client thread/INFO]: Reloading ResourceManager: Default, FMLFileResourcePack:Forge Mod Loader, FMLFileResourcePack:Minecraft Forge, FMLFileResourcePack:Lets Mod Reboot
[17:38:45] [Sound Library Loader/INFO]: Sound engine started
[17:38:54] [Client thread/INFO]: Created: 512x256 textures/blocks-atlas
[17:38:54] [Client thread/INFO]: Created: 256x256 textures/items-atlas
[17:38:54] [Client thread/INFO]: Reloading ResourceManager: Default, FMLFileResourcePack:Forge Mod Loader, FMLFileResourcePack:Minecraft Forge, FMLFileResourcePack:Lets Mod Reboot
[17:38:55] [Client thread/INFO]: Created: 256x256 textures/items-atlas
[17:38:55] [Client thread/INFO]: Created: 512x256 textures/blocks-atlas
[17:38:56] [Sound Library Loader/INFO]: Sound engine started
[17:39:11] [Server thread/INFO]: Starting integrated minecraft server version 1.7.10
[17:39:11] [Server thread/INFO]: Generating keypair
[17:39:12] [Server thread/INFO]: Converting map!
[17:39:12] [Server thread/INFO]: Scanning folders...
[17:39:12] [Server thread/INFO]: Total conversion count is 0
[17:39:13] [Server thread/INFO]: Preparing start region for level 0
[17:39:14] [Server thread/INFO]: Preparing spawn area: 4%
[17:39:15] [Server thread/INFO]: Preparing spawn area: 7%
[17:39:16] [Server thread/INFO]: Preparing spawn area: 10%
[17:39:17] [Server thread/INFO]: Preparing spawn area: 18%
[17:39:18] [Server thread/INFO]: Preparing spawn area: 23%
[17:39:19] [Server thread/INFO]: Preparing spawn area: 29%
[17:39:21] [Server thread/INFO]: Preparing spawn area: 36%
[17:39:22] [Server thread/INFO]: Preparing spawn area: 43%
[17:39:23] [Server thread/INFO]: Preparing spawn area: 51%
[17:39:24] [Server thread/INFO]: Preparing spawn area: 59%
[17:39:25] [Server thread/INFO]: Preparing spawn area: 67%
[17:39:26] [Server thread/INFO]: Preparing spawn area: 72%
[17:39:27] [Server thread/INFO]: Preparing spawn area: 80%
[17:39:28] [Server thread/INFO]: Preparing spawn area: 88%
[17:39:29] [Server thread/INFO]: Preparing spawn area: 95%
[17:39:30] [Server thread/INFO]: Changing view distance to 12, from 10
[17:39:31] [Server thread/INFO]: ForgeDevName[local:E:1a9e0052] logged in with entity id 187 at (-73.5, 70.0, 257.5)
[17:39:31] [Server thread/INFO]: ForgeDevName joined the game
[17:39:35] [Server thread/WARN]: Can't keep up! Did the system time change, or is the server overloaded? Running 4035ms behind, skipping 80 tick(s)
[17:39:36] [Client thread/INFO]: Warning: Clientside chunk ticking took 528 ms
[17:39:39] [Client thread/INFO]: Warning: Clientside chunk ticking took 281 ms
[17:39:39] [Client thread/INFO]: Warning: Clientside chunk ticking took 238 ms
[17:39:43] [Client thread/INFO]: Warning: Clientside chunk ticking took 381 ms
[17:39:46] [Client thread/INFO]: Warning: Clientside chunk ticking took 600 ms
[17:39:47] [Client thread/INFO]: Warning: Clientside chunk ticking took 615 ms
[17:39:47] [Client thread/INFO]: Warning: Clientside chunk ticking took 268 ms
[17:39:48] [Client thread/INFO]: Warning: Clientside chunk ticking took 628 ms
[17:39:49] [Client thread/INFO]: Warning: Clientside chunk ticking took 615 ms
[17:39:49] [Client thread/INFO]: Warning: Clientside chunk ticking took 274 ms
[17:39:50] [Client thread/INFO]: Warning: Clientside chunk ticking took 356 ms
[17:39:50] [Client thread/INFO]: Warning: Clientside chunk ticking took 349 ms
[17:39:51] [Client thread/INFO]: Warning: Clientside chunk ticking took 386 ms
[17:39:51] [Client thread/INFO]: Warning: Clientside chunk ticking took 318 ms
[17:39:52] [Client thread/INFO]: Warning: Clientside chunk ticking took 298 ms
[17:39:52] [Server thread/INFO]: ForgeDevName has just earned the achievement [Taking Inventory]
[17:39:53] [Client thread/INFO]: [CHAT] ForgeDevName has just earned the achievement [Taking Inventory]
[17:40:19] [Server thread/INFO]: Stopping server
[17:40:19] [Server thread/INFO]: Saving players
[17:40:19] [Server thread/INFO]: Saving worlds
[17:40:19] [Server thread/INFO]: Saving chunks for level 'New World'/Overworld
[17:40:20] [Server thread/INFO]: Saving chunks for level 'New World'/Nether
[17:40:20] [Server thread/INFO]: Saving chunks for level 'New World'/The End
[17:40:25] [Client thread/INFO]: Stopping!
